<?xml version="1.0" encoding="UTF-8"?>
<testng-results ignored="0" total="1" passed="1" failed="0" skipped="0">
  <reporter-output>
  </reporter-output>
  <suite started-at="2023-01-16T20:04:10 GMT" name="Default suite" finished-at="2023-01-16T20:04:14 GMT" duration-ms="4259">
    <groups>
    </groups>
    <test started-at="2023-01-16T20:04:10 GMT" name="Default test" finished-at="2023-01-16T20:04:14 GMT" duration-ms="4259">
      <class name="FunctionalTesting.GetRequestAutomation">
        <test-method signature="getRequestAutomation()[pri:0, instance:FunctionalTesting.GetRequestAutomation@28f2a10f]" started-at="2023-01-16T20:04:10 GMT" name="getRequestAutomation" finished-at="2023-01-16T20:04:14 GMT" duration-ms="4202" status="PASS">
          <reporter-output>
          </reporter-output>
        </test-method> <!-- getRequestAutomation -->
      </class> <!-- FunctionalTesting.GetRequestAutomation -->
    </test> <!-- Default test -->
  </suite> <!-- Default suite -->
</testng-results>
